# JRE version: OpenJDK Runtime Environment Temurin-21.0.6+7 (21.0.6+7) (build 21.0.6+7-LTS)
# Java VM: OpenJDK 64-Bit Server VM Temurin-21.0.6+7 (21.0.6+7-LTS, mixed mode, sharing, tiered, compressed oops, compressed class ptrs, parallel gc, windows-amd64)
GC Precious Log:
 CardTable entry size: 512
 CPUs: 4 total, 4 available
 Memory: 10148M
 Large Page Support: Disabled
 NUMA Support: Disabled
 Compressed Oops: Enabled (32-bit)
 Alignments: Space 512K, Generation 512K, Heap 2M
 Heap Min Capacity: 100M
 Heap Initial Capacity: 100M
 Heap Max Capacity: 1G
 Pre-touch: Disabled
 Parallel Workers: 4
Heap:
 PSYoungGen      total 17408K, used 16980K [0x00000000eab00000, 0x00000000ec000000, 0x0000000100000000)
  eden space 13312K, 100% used [0x00000000eab00000,0x00000000eb800000,0x00000000eb800000)
  from space 4096K, 89% used [0x00000000ebc00000,0x00000000ebf95390,0x00000000ec000000)
  to   space 4096K, 0% used [0x00000000eb800000,0x00000000eb800000,0x00000000ebc00000)
 ParOldGen       total 80384K, used 80290K [0x00000000c0000000, 0x00000000c4e80000, 0x00000000eab00000)
  object space 80384K, 99% used [0x00000000c0000000,0x00000000c4e688d0,0x00000000c4e80000)
 Metaspace       used 64681K, committed 66048K, reserved 1114112K
  class space    used 6810K, committed 7424K, reserved 1048576K
GC Heap History (20 events):
Event: 61.038 GC heap before
{Heap before GC invocations=40 (full 3):
 PSYoungGen      total 20992K, used 20642K [0x00000000eab00000, 0x00000000ec400000, 0x0000000100000000)
  eden space 16896K, 100% used [0x00000000eab00000,0x00000000ebb80000,0x00000000ebb80000)
  from space 4096K, 91% used [0x00000000ec000000,0x00000000ec3a8ba8,0x00000000ec400000)
  to   space 4096K, 0% used [0x00000000ebb80000,0x00000000ebb80000,0x00000000ebf80000)
 ParOldGen       total 68608K, used 48096K [0x00000000c0000000, 0x00000000c4300000, 0x00000000eab00000)
  object space 68608K, 70% used [0x00000000c0000000,0x00000000c2ef8260,0x00000000c4300000)
 Metaspace       used 61072K, committed 62400K, reserved 1114112K
  class space    used 6423K, committed 7040K, reserved 1048576K
}
Event: 61.047 GC heap after
{Heap after GC invocations=40 (full 3):
 PSYoungGen      total 20992K, used 3922K [0x00000000eab00000, 0x00000000ec380000, 0x0000000100000000)
  eden space 16896K, 0% used [0x00000000eab00000,0x00000000eab00000,0x00000000ebb80000)
  from space 4096K, 95% used [0x00000000ebb80000,0x00000000ebf54a00,0x00000000ebf80000)
  to   space 4096K, 0% used [0x00000000ebf80000,0x00000000ebf80000,0x00000000ec380000)
 ParOldGen       total 68608K, used 51655K [0x00000000c0000000, 0x00000000c4300000, 0x00000000eab00000)
  object space 68608K, 75% used [0x00000000c0000000,0x00000000c3271c58,0x00000000c4300000)
 Metaspace       used 61072K, committed 62400K, reserved 1114112K
  class space    used 6423K, committed 7040K, reserved 1048576K
}
Event: 61.191 GC heap before
{Heap before GC invocations=41 (full 3):
 PSYoungGen      total 20992K, used 20818K [0x00000000eab00000, 0x00000000ec380000, 0x0000000100000000)
  eden space 16896K, 100% used [0x00000000eab00000,0x00000000ebb80000,0x00000000ebb80000)
  from space 4096K, 95% used [0x00000000ebb80000,0x00000000ebf54a00,0x00000000ebf80000)
  to   space 4096K, 0% used [0x00000000ebf80000,0x00000000ebf80000,0x00000000ec380000)
 ParOldGen       total 68608K, used 51655K [0x00000000c0000000, 0x00000000c4300000, 0x00000000eab00000)
  object space 68608K, 75% used [0x00000000c0000000,0x00000000c3271c58,0x00000000c4300000)
 Metaspace       used 61403K, committed 62656K, reserved 1114112K
  class space    used 6445K, committed 7040K, reserved 1048576K
}
Event: 61.196 GC heap after
{Heap after GC invocations=41 (full 3):
 PSYoungGen      total 20480K, used 4085K [0x00000000eab00000, 0x00000000ec480000, 0x0000000100000000)
  eden space 16384K, 0% used [0x00000000eab00000,0x00000000eab00000,0x00000000ebb00000)
  from space 4096K, 99% used [0x00000000ebf80000,0x00000000ec37d4f8,0x00000000ec380000)
  to   space 4608K, 0% used [0x00000000ebb00000,0x00000000ebb00000,0x00000000ebf80000)
 ParOldGen       total 68608K, used 55234K [0x00000000c0000000, 0x00000000c4300000, 0x00000000eab00000)
  object space 68608K, 80% used [0x00000000c0000000,0x00000000c35f0a08,0x00000000c4300000)
 Metaspace       used 61403K, committed 62656K, reserved 1114112K
  class space    used 6445K, committed 7040K, reserved 1048576K
}
Event: 61.692 GC heap before
{Heap before GC invocations=42 (full 3):
 PSYoungGen      total 20480K, used 20469K [0x00000000eab00000, 0x00000000ec480000, 0x0000000100000000)
  eden space 16384K, 100% used [0x00000000eab00000,0x00000000ebb00000,0x00000000ebb00000)
  from space 4096K, 99% used [0x00000000ebf80000,0x00000000ec37d4f8,0x00000000ec380000)
  to   space 4608K, 0% used [0x00000000ebb00000,0x00000000ebb00000,0x00000000ebf80000)
 ParOldGen       total 68608K, used 55234K [0x00000000c0000000, 0x00000000c4300000, 0x00000000eab00000)
  object space 68608K, 80% used [0x00000000c0000000,0x00000000c35f0a08,0x00000000c4300000)
 Metaspace       used 61407K, committed 62656K, reserved 1114112K
  class space    used 6445K, committed 7040K, reserved 1048576K
}
Event: 61.698 GC heap after
{Heap after GC invocations=42 (full 3):
 PSYoungGen      total 20480K, used 3807K [0x00000000eab00000, 0x00000000ec300000, 0x0000000100000000)
  eden space 16384K, 0% used [0x00000000eab00000,0x00000000eab00000,0x00000000ebb00000)
  from space 4096K, 92% used [0x00000000ebb00000,0x00000000ebeb7fd8,0x00000000ebf00000)
  to   space 4096K, 0% used [0x00000000ebf00000,0x00000000ebf00000,0x00000000ec300000)
 ParOldGen       total 68608K, used 59110K [0x00000000c0000000, 0x00000000c4300000, 0x00000000eab00000)
  object space 68608K, 86% used [0x00000000c0000000,0x00000000c39b9a08,0x00000000c4300000)
 Metaspace       used 61407K, committed 62656K, reserved 1114112K
  class space    used 6445K, committed 7040K, reserved 1048576K
}
Event: 61.887 GC heap before
{Heap before GC invocations=43 (full 3):
 PSYoungGen      total 20480K, used 20191K [0x00000000eab00000, 0x00000000ec300000, 0x0000000100000000)
  eden space 16384K, 100% used [0x00000000eab00000,0x00000000ebb00000,0x00000000ebb00000)
  from space 4096K, 92% used [0x00000000ebb00000,0x00000000ebeb7fd8,0x00000000ebf00000)
  to   space 4096K, 0% used [0x00000000ebf00000,0x00000000ebf00000,0x00000000ec300000)
 ParOldGen       total 68608K, used 59110K [0x00000000c0000000, 0x00000000c4300000, 0x00000000eab00000)
  object space 68608K, 86% used [0x00000000c0000000,0x00000000c39b9a08,0x00000000c4300000)
 Metaspace       used 61412K, committed 62656K, reserved 1114112K
  class space    used 6445K, committed 7040K, reserved 1048576K
}
Event: 61.893 GC heap after
{Heap after GC invocations=43 (full 3):
 PSYoungGen      total 20480K, used 3748K [0x00000000eab00000, 0x00000000ec300000, 0x0000000100000000)
  eden space 16384K, 0% used [0x00000000eab00000,0x00000000eab00000,0x00000000ebb00000)
  from space 4096K, 91% used [0x00000000ebf00000,0x00000000ec2a9208,0x00000000ec300000)
  to   space 4096K, 0% used [0x00000000ebb00000,0x00000000ebb00000,0x00000000ebf00000)
 ParOldGen       total 68608K, used 62651K [0x00000000c0000000, 0x00000000c4300000, 0x00000000eab00000)
  object space 68608K, 91% used [0x00000000c0000000,0x00000000c3d2ed90,0x00000000c4300000)
 Metaspace       used 61412K, committed 62656K, reserved 1114112K
  class space    used 6445K, committed 7040K, reserved 1048576K
}
Event: 62.147 GC heap before
{Heap before GC invocations=44 (full 3):
 PSYoungGen      total 20480K, used 20132K [0x00000000eab00000, 0x00000000ec300000, 0x0000000100000000)
  eden space 16384K, 100% used [0x00000000eab00000,0x00000000ebb00000,0x00000000ebb00000)
  from space 4096K, 91% used [0x00000000ebf00000,0x00000000ec2a9208,0x00000000ec300000)
  to   space 4096K, 0% used [0x00000000ebb00000,0x00000000ebb00000,0x00000000ebf00000)
 ParOldGen       total 68608K, used 62651K [0x00000000c0000000, 0x00000000c4300000, 0x00000000eab00000)
  object space 68608K, 91% used [0x00000000c0000000,0x00000000c3d2ed90,0x00000000c4300000)
 Metaspace       used 61568K, committed 62912K, reserved 1114112K
  class space    used 6466K, committed 7104K, reserved 1048576K
}
Event: 62.154 GC heap after
{Heap after GC invocations=44 (full 3):
 PSYoungGen      total 20480K, used 3509K [0x00000000eab00000, 0x00000000ec300000, 0x0000000100000000)
  eden space 16384K, 0% used [0x00000000eab00000,0x00000000eab00000,0x00000000ebb00000)
  from space 4096K, 85% used [0x00000000ebb00000,0x00000000ebe6d580,0x00000000ebf00000)
  to   space 4096K, 0% used [0x00000000ebf00000,0x00000000ebf00000,0x00000000ec300000)
 ParOldGen       total 68608K, used 66231K [0x00000000c0000000, 0x00000000c4300000, 0x00000000eab00000)
  object space 68608K, 96% used [0x00000000c0000000,0x00000000c40add48,0x00000000c4300000)
 Metaspace       used 61568K, committed 62912K, reserved 1114112K
  class space    used 6466K, committed 7104K, reserved 1048576K
}
Event: 62.328 GC heap before
{Heap before GC invocations=45 (full 3):
 PSYoungGen      total 20480K, used 19893K [0x00000000eab00000, 0x00000000ec300000, 0x0000000100000000)
  eden space 16384K, 99% used [0x00000000eab00000,0x00000000ebaffff8,0x00000000ebb00000)
  from space 4096K, 85% used [0x00000000ebb00000,0x00000000ebe6d580,0x00000000ebf00000)
  to   space 4096K, 0% used [0x00000000ebf00000,0x00000000ebf00000,0x00000000ec300000)
 ParOldGen       total 68608K, used 66231K [0x00000000c0000000, 0x00000000c4300000, 0x00000000eab00000)
  object space 68608K, 96% used [0x00000000c0000000,0x00000000c40add48,0x00000000c4300000)
 Metaspace       used 62359K, committed 63680K, reserved 1114112K
  class space    used 6564K, committed 7168K, reserved 1048576K
}
Event: 62.332 GC heap after
{Heap after GC invocations=45 (full 3):
 PSYoungGen      total 18944K, used 2246K [0x00000000eab00000, 0x00000000ec180000, 0x0000000100000000)
  eden space 16384K, 0% used [0x00000000eab00000,0x00000000eab00000,0x00000000ebb00000)
  from space 2560K, 87% used [0x00000000ebf00000,0x00000000ec131878,0x00000000ec180000)
  to   space 3072K, 0% used [0x00000000ebb80000,0x00000000ebb80000,0x00000000ebe80000)
 ParOldGen       total 69632K, used 69562K [0x00000000c0000000, 0x00000000c4400000, 0x00000000eab00000)
  object space 69632K, 99% used [0x00000000c0000000,0x00000000c43ee990,0x00000000c4400000)
 Metaspace       used 62359K, committed 63680K, reserved 1114112K
  class space    used 6564K, committed 7168K, reserved 1048576K
}
Event: 62.580 GC heap before
{Heap before GC invocations=46 (full 3):
 PSYoungGen      total 18944K, used 18630K [0x00000000eab00000, 0x00000000ec180000, 0x0000000100000000)
  eden space 16384K, 100% used [0x00000000eab00000,0x00000000ebb00000,0x00000000ebb00000)
  from space 2560K, 87% used [0x00000000ebf00000,0x00000000ec131878,0x00000000ec180000)
  to   space 3072K, 0% used [0x00000000ebb80000,0x00000000ebb80000,0x00000000ebe80000)
 ParOldGen       total 69632K, used 69562K [0x00000000c0000000, 0x00000000c4400000, 0x00000000eab00000)
  object space 69632K, 99% used [0x00000000c0000000,0x00000000c43ee990,0x00000000c4400000)
 Metaspace       used 63129K, committed 64448K, reserved 1114112K
  class space    used 6648K, committed 7232K, reserved 1048576K
}
Event: 62.585 GC heap after
{Heap after GC invocations=46 (full 3):
 PSYoungGen      total 19456K, used 2909K [0x00000000eab00000, 0x00000000ec100000, 0x0000000100000000)
  eden space 16384K, 0% used [0x00000000eab00000,0x00000000eab00000,0x00000000ebb00000)
  from space 3072K, 94% used [0x00000000ebb80000,0x00000000ebe57630,0x00000000ebe80000)
  to   space 2560K, 0% used [0x00000000ebe80000,0x00000000ebe80000,0x00000000ec100000)
 ParOldGen       total 71680K, used 71652K [0x00000000c0000000, 0x00000000c4600000, 0x00000000eab00000)
  object space 71680K, 99% used [0x00000000c0000000,0x00000000c45f9280,0x00000000c4600000)
 Metaspace       used 63129K, committed 64448K, reserved 1114112K
  class space    used 6648K, committed 7232K, reserved 1048576K
}
Event: 62.841 GC heap before
{Heap before GC invocations=47 (full 3):
 PSYoungGen      total 19456K, used 19293K [0x00000000eab00000, 0x00000000ec100000, 0x0000000100000000)
  eden space 16384K, 100% used [0x00000000eab00000,0x00000000ebb00000,0x00000000ebb00000)
  from space 3072K, 94% used [0x00000000ebb80000,0x00000000ebe57630,0x00000000ebe80000)
  to   space 2560K, 0% used [0x00000000ebe80000,0x00000000ebe80000,0x00000000ec100000)
 ParOldGen       total 71680K, used 71652K [0x00000000c0000000, 0x00000000c4600000, 0x00000000eab00000)
  object space 71680K, 99% used [0x00000000c0000000,0x00000000c45f9280,0x00000000c4600000)
 Metaspace       used 63664K, committed 64960K, reserved 1114112K
  class space    used 6706K, committed 7296K, reserved 1048576K
}
Event: 62.845 GC heap after
{Heap after GC invocations=47 (full 3):
 PSYoungGen      total 15872K, used 2545K [0x00000000eab00000, 0x00000000ec800000, 0x0000000100000000)
  eden space 13312K, 0% used [0x00000000eab00000,0x00000000eab00000,0x00000000eb800000)
  from space 2560K, 99% used [0x00000000ebe80000,0x00000000ec0fc4b0,0x00000000ec100000)
  to   space 6656K, 0% used [0x00000000eb800000,0x00000000eb800000,0x00000000ebe80000)
 ParOldGen       total 75264K, used 75178K [0x00000000c0000000, 0x00000000c4980000, 0x00000000eab00000)
  object space 75264K, 99% used [0x00000000c0000000,0x00000000c496a918,0x00000000c4980000)
 Metaspace       used 63664K, committed 64960K, reserved 1114112K
  class space    used 6706K, committed 7296K, reserved 1048576K
}
Event: 62.994 GC heap before
{Heap before GC invocations=48 (full 3):
 PSYoungGen      total 15872K, used 15857K [0x00000000eab00000, 0x00000000ec800000, 0x0000000100000000)
  eden space 13312K, 100% used [0x00000000eab00000,0x00000000eb800000,0x00000000eb800000)
  from space 2560K, 99% used [0x00000000ebe80000,0x00000000ec0fc4b0,0x00000000ec100000)
  to   space 6656K, 0% used [0x00000000eb800000,0x00000000eb800000,0x00000000ebe80000)
 ParOldGen       total 75264K, used 75178K [0x00000000c0000000, 0x00000000c4980000, 0x00000000eab00000)
  object space 75264K, 99% used [0x00000000c0000000,0x00000000c496a918,0x00000000c4980000)
 Metaspace       used 63828K, committed 65152K, reserved 1114112K
  class space    used 6728K, committed 7360K, reserved 1048576K
}
Event: 62.998 GC heap after
{Heap after GC invocations=48 (full 3):
 PSYoungGen      total 16384K, used 2944K [0x00000000eab00000, 0x00000000ec000000, 0x0000000100000000)
  eden space 13312K, 0% used [0x00000000eab00000,0x00000000eab00000,0x00000000eb800000)
  from space 3072K, 95% used [0x00000000eb800000,0x00000000ebae03a0,0x00000000ebb00000)
  to   space 4096K, 0% used [0x00000000ebc00000,0x00000000ebc00000,0x00000000ec000000)
 ParOldGen       total 77824K, used 77539K [0x00000000c0000000, 0x00000000c4c00000, 0x00000000eab00000)
  object space 77824K, 99% used [0x00000000c0000000,0x00000000c4bb8db8,0x00000000c4c00000)
 Metaspace       used 63828K, committed 65152K, reserved 1114112K
  class space    used 6728K, committed 7360K, reserved 1048576K
}
Event: 63.409 GC heap before
{Heap before GC invocations=49 (full 3):
 PSYoungGen      total 16384K, used 16240K [0x00000000eab00000, 0x00000000ec000000, 0x0000000100000000)
  eden space 13312K, 99% used [0x00000000eab00000,0x00000000eb7fbfe0,0x00000000eb800000)
  from space 3072K, 95% used [0x00000000eb800000,0x00000000ebae03a0,0x00000000ebb00000)
  to   space 4096K, 0% used [0x00000000ebc00000,0x00000000ebc00000,0x00000000ec000000)
 ParOldGen       total 77824K, used 77539K [0x00000000c0000000, 0x00000000c4c00000, 0x00000000eab00000)
  object space 77824K, 99% used [0x00000000c0000000,0x00000000c4bb8db8,0x00000000c4c00000)
 Metaspace       used 64328K, committed 65728K, reserved 1114112K
  class space    used 6776K, committed 7360K, reserved 1048576K
}
Event: 63.412 GC heap after
{Heap after GC invocations=49 (full 3):
 PSYoungGen      total 17408K, used 3668K [0x00000000eab00000, 0x00000000ec000000, 0x0000000100000000)
  eden space 13312K, 0% used [0x00000000eab00000,0x00000000eab00000,0x00000000eb800000)
  from space 4096K, 89% used [0x00000000ebc00000,0x00000000ebf95390,0x00000000ec000000)
  to   space 4096K, 0% used [0x00000000eb800000,0x00000000eb800000,0x00000000ebc00000)
 ParOldGen       total 80384K, used 80290K [0x00000000c0000000, 0x00000000c4e80000, 0x00000000eab00000)
  object space 80384K, 99% used [0x00000000c0000000,0x00000000c4e688d0,0x00000000c4e80000)
 Metaspace       used 64328K, committed 65728K, reserved 1114112K
  class space    used 6776K, committed 7360K, reserved 1048576K
}

